
<dict>
	cocos2d.x.version: 2.2.0
	cocos2d.x.compiled_with_profiler: false
	cocos2d.x.compiled_with_gl_state_cache: true
	gl.vendor: Intel
	gl.renderer: Intel(R) HD Graphics 4600
	gl.version: 4.2.0 - Build 10.18.10.3262
	gl.max_texture_size: 16384
	gl.max_texture_units: 96
	gl.supports_PVRTC: false
	gl.supports_NPOT: true
	gl.supports_BGRA8888: false
	gl.supports_discard_framebuffer: false
	gl.supports_vertex_array_object: true
</dict>
CCLoadChunksFromZip() - load zip file: D:\quick-cocos2d-x\lib\framework_precompiled\framework_precompiled.zip
CCLoadChunksFromZip() - loaded chunks count: 52
------------------------------------------------
LOAD LUA FILE: D:/quick-cocos2d-x/project/framework/scripts/main.lua
------------------------------------------------
executeScriptFile, filename=D:/quick-cocos2d-x/project/framework/scripts/main.lua
[0.0860] [INFO] 
[0.0866] [INFO] # DEBUG                        = 2
[0.0871] [INFO] #
[0.0877] [INFO] # device.platform              = windows
[0.0881] [INFO] # device.model                 = unknown
[0.0885] [INFO] # device.language              = cn
[0.0890] [INFO] # device.writablePath          = D:\quick-cocos2d-x\project\framework\
[0.0897] [INFO] # device.cachePath             = D:\quick-cocos2d-x\project\framework\
[0.0905] [INFO] # device.directorySeparator    = \
[0.0909] [INFO] # device.pathSeparator         = ;
[0.0914] [INFO] #
[0.0928] [INFO] # CONFIG_SCREEN_AUTOSCALE      = FIXED_WIDTH
[0.0932] [INFO] # CONFIG_SCREEN_WIDTH          = 854.00
[0.0936] [INFO] # CONFIG_SCREEN_HEIGHT         = 480.00
[0.0941] [INFO] # display.widthInPixels        = 854.00
[0.0946] [INFO] # display.heightInPixels       = 480.00
[0.0951] [INFO] # display.contentScaleFactor   = 1.00
[0.0956] [INFO] # display.width                = 854.00
[0.0961] [INFO] # display.height               = 480.00
[0.0972] [INFO] # display.cx                   = 427.00
[0.0977] [INFO] # display.cy                   = 240.00
[0.0984] [INFO] # display.left                 = 0.00
[0.0990] [INFO] # display.right                = 854.00
[0.0996] [INFO] # display.top                  = 480.00
[0.1000] [INFO] # display.bottom               = 0.00
[0.1005] [INFO] # display.c_left               = -427.00
[0.1009] [INFO] # display.c_right              = 427.00
[0.1014] [INFO] # display.c_top                = 240.00
[0.1019] [INFO] # display.c_bottom             = -240.00
[0.1023] [INFO] #
[0.1033] ----------------------------------------
[0.1037] D:\quick-cocos2d-x\project\framework\update/module/?.lua;D:\quick-cocos2d-x\project\framework\module/?.lua;.\?.lua;D:\quick-cocos2d-x\project\framework\player\bin\win32\lua\?.lua;D:\quick-cocos2d-x\project\framework\player\bin\win32\lua\?\init.lua;;D:/quick-cocos2d-x/project/framework/scripts/?.lua;D:/quick-cocos2d-x/project/framework/?.lua;
[0.1048] ----------------------------------------
[0.1094] [APPBASE] self.packageRoot=app
[0.1099] MyApp  _registerLuaLogReport
[0.1105] MyApp  _registerLuaLogReportPackageId
[0.1130] UpgradeScene  UpgradeScene:ctor
[0.1135] UpgradeScene  _initDisplay, size w=  854  , h=  480  , scale_=  1  , wScale_=  1  , hScale_=  1
[0.1651] [INFO] Scene "UpgradeScene:onEnter()"
[0.1682] GameItemController   refreshGameItems checkUrl :   http://update.m.jj.cn/mobile/hall/get_lua_update.php?platform=android&promoterid=999999&uptime=0&screen=unknow&net=unknow&new=1&imei=141049297286265&isPack=1&fromID=1023&cur_ver=99999
[0.1723] GameItemController  versions :   {"1023":1}
JJFunctionManager* is NULL, new it!
JJFunctionManager Constructor IN
CCHTTPRequest onRequest curl code : 0
[0.2108] response head :   HTTP/1.1 200 OK
Server: nginx
Date: Fri, 12 Sep 2014 06:18:02 GMT
Content-Type: application/json
Transfer-Encoding: chunked
Connection: keep-alive
X-Powered-By: PHP/5.4.31


[0.2138] dump from: [string "D:\quick-cocos2d-x\project\framework\module/u..."]:72: in function <[string "D:\quick-cocos2d-x\project\framework\module/u..."]:34>
[0.2149] - "game items" = {
[0.2154] - }
[0.2159] GameItemController  responseTable datas is nil
[0.2165] UpgradeScene  refreshGameItems fail!
[0.2325] UpgradeScene  runProjectApp IN
[LQT]: logPath=[D:\quick-cocos2d-x\project\framework\jjlog.txt]
Get data from file(JJLogConfig.txt) failed!
[0.2502] filterList = {
}
[0.2569] [INFO] GameState.load() - get values from "D:\quick-cocos2d-x\project\framework/image_cache.txt"
[0.2816] [INFO] PBMsg, bytebuffer ~= nil, nSize=119217
[0.3323] [INFO] audio.preloadSound() - filename: sound/common_s_click.mp3
[0.3767] interim/res/config/1023_globalconfig.json
[0.3775] dump from: [string "D:\quick-cocos2d-x\project\framework\module/g..."]:30: in function 'getLastUpdateTime'
[0.3787] - "<var>" = nil
[0.3835] dump from: [string "D:\quick-cocos2d-x\project\framework\module/s..."]:69: in function 'pauseNetMsg'
[0.3854] - "<var>" = {
[0.3859] -     "SceneStack" = true
[0.3866] - }
[0.5299] dump from: [string "D:\quick-cocos2d-x\project\framework\module/s..."]:69: in function 'pauseNetMsg'
[0.5317] - "<var>" = {
[0.5324] - }
[0.5338] [INFO] Scene "SceneBase:onEnter()"
CCHTTPRequest onRequest curl code : 0
CCHTTPRequest onRequest curl code : 0
[0.8665] [INFO] Scene "UpgradeScene:onExit()"
ConnectThread::pushStateMsg, state=1
ConnectThread::pushStateMsg, state=10
setsockopt()   nErr=0
JJSocketRequest::connect, Connect ip=[115.182.2.49], port=[30300]
[0.9008] dump from: [string "D:\quick-cocos2d-x\project\framework\module/s..."]:69: in function 'pauseNetMsg'
[0.9022] - "<var>" = {
[0.9030] - }
JJSocketRequest::connect, Connect ret=[0]
ConnectThread::pushStateMsg, state=11
ConnectThread::pushStateMsg, state=2
[0.9175] Util  _registerLuaLogReportPackageId
NET-TEST : Ack message
ConnectThread::pushStateMsg, state=100
JJZipUtil* is NULL, new it!
JJZipUtil Constructor IN
JJZipUtil gzipDecompressStringLua IN len : 293
JJZipUtil gzipDecompressStringLua outLen : 457
[0.9500] Util  _registerLuaLogReportPackageId
[0.9579] [INFO] GameState.save() - update file "D:\quick-cocos2d-x\project\framework/image_cache.txt"
[0.9636] dump from: [string "D:\quick-cocos2d-x\project\framework\module/g..."]:73: in function '_initDisplayParam'
[0.9652] - "<var>" = {
[0.9659] -     1 = 1024
[0.9668] -     2 = 4
[0.9675] -     3 = 2048
[0.9682] -     4 = 64
[0.9689] -     5 = 128
[0.9696] - }
[0.9789] [INFO] GameState.save() - update file "D:\quick-cocos2d-x\project\framework/image_cache.txt"
[0.9884] [INFO] GameState.save() - update file "D:\quick-cocos2d-x\project\framework/image_cache.txt"
[0.9925] [INFO] GameState.save() - update file "D:\quick-cocos2d-x\project\framework/image_cache.txt"
[0.9961] dump from: [string "D:\quick-cocos2d-x\project\framework\module/g..."]:73: in function '_initDisplayParam'
[0.9977] - "<var>" = {
[0.9984] -     1 = 1024
[0.9989] -     2 = 4
[0.9994] -     3 = 2048
[1.0000] -     4 = 64
[1.0005] -     5 = 128
[1.0012] - }
[1.0936] cacheData[i].md5 :   b9dafe14adbbfbcded06bdce15bf44fc   md5 :   d7824bd5a12653fd9d25a858b7a82a0a
[1.0952] cacheData[i].md5 :   782dc916cbcb8b038f9ef7d4ea3656f7   md5 :   d7824bd5a12653fd9d25a858b7a82a0a
[1.0967] cacheData[i].md5 :   196e49bee71b2e5dad62f0953c3f3e29   md5 :   d7824bd5a12653fd9d25a858b7a82a0a
[1.0979] cacheData[i].md5 :   f94e35d21bf954fe34abce036ffd7abe   md5 :   d7824bd5a12653fd9d25a858b7a82a0a
[1.0991] cacheData[i].md5 :   484457540cb227f358e4c9ff0756c01a   md5 :   d7824bd5a12653fd9d25a858b7a82a0a
[1.1002] cacheData[i].md5 :   b87fc4ff45f220d44f25bbe9987b0d9b   md5 :   d7824bd5a12653fd9d25a858b7a82a0a
[1.1013] cacheData[i].md5 :   d7824bd5a12653fd9d25a858b7a82a0a   md5 :   d7824bd5a12653fd9d25a858b7a82a0a
[1.1034] [INFO] GameState.save() - update file "D:\quick-cocos2d-x\project\framework/image_cache.txt"
JJZipUtil gzipDecompressStringLua IN len : 293
JJZipUtil gzipDecompressStringLua outLen : 457
CCHTTPRequest onDownload curl code : 0
[1.1408] [INFO] GameState.save() - update file "D:\quick-cocos2d-x\project\framework/image_cache.txt"
CCHTTPRequest Destructor IN !
CCHTTPRequest[0x0004] - request removed
[1.2235] UpgradeController   sendUpgradeError _upload errors is nil
NET-TEST : Ack message
ConnectThread::pushStateMsg, state=100
NET-TEST : Ack message
ConnectThread::pushStateMsg, state=100
NET-TEST : Ack message
ConnectThread::pushStateMsg, state=100
NET-TEST : Ack message
ConnectThread::pushStateMsg, state=100
NET-TEST : Ack message
ConnectThread::pushStateMsg, state=100
NET-TEST : Ack message
ConnectThread::pushStateMsg, state=100
NET-TEST : Ack message
ConnectThread::pushStateMsg, state=100
NET-TEST : Ack message
ConnectThread::pushStateMsg, state=100
NET-TEST : Ack message
ConnectThread::pushStateMsg, state=100
NET-TEST : Ack message
ConnectThread::pushStateMsg, state=100
NET-TEST : Ack message
ConnectThread::pushStateMsg, state=100
NET-TEST : Ack message
ConnectThread::pushStateMsg, state=100
NET-TEST : Ack message
ConnectThread::pushStateMsg, state=100
NET-TEST : Ack message
ConnectThread::pushStateMsg, state=100
NET-TEST : Ack message
ConnectThread::pushStateMsg, state=100
NET-TEST : Ack message
ConnectThread::pushStateMsg, state=100
NET-TEST : Ack message
ConnectThread::pushStateMsg, state=100
NET-TEST : Ack message
ConnectThread::pushStateMsg, state=100
NET-TEST : Ack message
ConnectThread::pushStateMsg, state=100
NET-TEST : Ack message
ConnectThread::pushStateMsg, state=100
NET-TEST : Ack message
ConnectThread::pushStateMsg, state=100
NET-TEST : Ack message
ConnectThread::pushStateMsg, state=100
NET-TEST : Ack message
ConnectThread::pushStateMsg, state=100
NET-TEST : Ack message
ConnectThread::pushStateMsg, state=100
NET-TEST : Ack message
ConnectThread::pushStateMsg, state=100
NET-TEST : Ack message
ConnectThread::pushStateMsg, state=100
NET-TEST : Ack message
ConnectThread::pushStateMsg, state=100
NET-TEST : Ack message
ConnectThread::pushStateMsg, state=100
NET-TEST : Ack message
ConnectThread::pushStateMsg, state=100
NET-TEST : Ack message
ConnectThread::pushStateMsg, state=100
NET-TEST : Ack message
ConnectThread::pushStateMsg, state=100
NET-TEST : Ack message
ConnectThread::pushStateMsg, state=100
NET-TEST : Ack message
ConnectThread::pushStateMsg, state=100
NET-TEST : Ack message
ConnectThread::pushStateMsg, state=100
NET-TEST : Ack message
ConnectThread::pushStateMsg, state=100
NET-TEST : Ack message
ConnectThread::pushStateMsg, state=100
NET-TEST : Ack message
ConnectThread::pushStateMsg, state=100
NET-TEST : Ack message
ConnectThread::pushStateMsg, state=100
NET-TEST : Ack message
ConnectThread::pushStateMsg, state=100
NET-TEST : Ack message
ConnectThread::pushStateMsg, state=100
NET-TEST : Ack message
ConnectThread::pushStateMsg, state=100
NET-TEST : Ack message
ConnectThread::pushStateMsg, state=100
NET-TEST : Ack message
ConnectThread::pushStateMsg, state=100
JJSocketRequest::receive, ERROR RecV recvLen=-1, line=423
ERROR: receive header fail!
ConnectThread::pushStateMsg, state=3
JJSocketRequest::stop
[1645.7333] [INFO] GameState.save() - update file "D:\quick-cocos2d-x\project\framework/image_cache.txt"
JJSocketRequest::stop
[1645.7449] Util  _registerLuaLogReportPackageId
ConnectThread::pushStateMsg, state=1
ConnectThread::pushStateMsg, state=10
setsockopt()   nErr=0
JJSocketRequest::connect, Connect ip=[115.182.2.49], port=[30300]
JJSocketRequest::connect, Connect ret=[0]
ConnectThread::pushStateMsg, state=11
ConnectThread::pushStateMsg, state=2
[1645.8442] Util  _registerLuaLogReportPackageId
NET-TEST : Ack message
ConnectThread::pushStateMsg, state=100
JJZipUtil gzipDecompressStringLua IN len : 293
JJZipUtil gzipDecompressStringLua outLen : 457
[1645.8768] Util  _registerLuaLogReportPackageId
[1645.8840] [INFO] GameState.save() - update file "D:\quick-cocos2d-x\project\framework/image_cache.txt"
[1645.8894] [INFO] GameState.save() - update file "D:\quick-cocos2d-x\project\framework/image_cache.txt"
[1645.8923] [INFO] GameState.save() - update file "D:\quick-cocos2d-x\project\framework/image_cache.txt"
[1645.9144] [INFO] GameState.save() - update file "D:\quick-cocos2d-x\project\framework/image_cache.txt"
[1645.9457] cacheData[i].md5 :   b9dafe14adbbfbcded06bdce15bf44fc   md5 :   d7824bd5a12653fd9d25a858b7a82a0a
[1645.9459] cacheData[i].md5 :   782dc916cbcb8b038f9ef7d4ea3656f7   md5 :   d7824bd5a12653fd9d25a858b7a82a0a
[1645.9462] cacheData[i].md5 :   196e49bee71b2e5dad62f0953c3f3e29   md5 :   d7824bd5a12653fd9d25a858b7a82a0a
[1645.9463] cacheData[i].md5 :   f94e35d21bf954fe34abce036ffd7abe   md5 :   d7824bd5a12653fd9d25a858b7a82a0a
[1645.9465] cacheData[i].md5 :   484457540cb227f358e4c9ff0756c01a   md5 :   d7824bd5a12653fd9d25a858b7a82a0a
[1645.9467] cacheData[i].md5 :   b87fc4ff45f220d44f25bbe9987b0d9b   md5 :   d7824bd5a12653fd9d25a858b7a82a0a
[1645.9469] cacheData[i].md5 :   d7824bd5a12653fd9d25a858b7a82a0a   md5 :   d7824bd5a12653fd9d25a858b7a82a0a
[1645.9476] [INFO] GameState.save() - update file "D:\quick-cocos2d-x\project\framework/image_cache.txt"
CCHTTPRequest onDownload curl code : 0
[1645.9626] [INFO] GameState.save() - update file "D:\quick-cocos2d-x\project\framework/image_cache.txt"
CCHTTPRequest Destructor IN !
CCHTTPRequest[0x0005] - request removed
JJZipUtil gzipDecompressStringLua IN len : 293
JJZipUtil gzipDecompressStringLua outLen : 457
[1647.1731] [INFO] Scene "SceneBase:onExit()"
